# JRE version: OpenJDK Runtime Environment (8.0_212-b04) (build 1.8.0_212-release-1586-b04)
# Java VM: OpenJDK 64-Bit Server VM (25.212-b04 mixed mode windows-amd64 compressed oops)
Heap:
 PSYoungGen      total 231936K, used 141090K [0x00000000e0000000, 0x00000000f1800000, 0x0000000100000000)
  eden space 189952K, 72% used [0x00000000e0000000,0x00000000e85f5118,0x00000000eb980000)
  from space 41984K, 9% used [0x00000000ee180000,0x00000000ee553820,0x00000000f0a80000)
  to   space 40960K, 0% used [0x00000000eb980000,0x00000000eb980000,0x00000000ee180000)
 ParOldGen       total 127488K, used 109038K [0x00000000a0000000, 0x00000000a7c80000, 0x00000000e0000000)
  object space 127488K, 85% used [0x00000000a0000000,0x00000000a6a7b9a8,0x00000000a7c80000)
 Metaspace       used 93974K, capacity 98398K, committed 98560K, reserved 1134592K
  class space    used 11996K, capacity 12971K, committed 13056K, reserved 1048576K
GC Heap History (10 events):
Event: 953.728 GC heap before
{Heap before GC invocations=33 (full 3):
 PSYoungGen      total 230912K, used 191316K [0x00000000e0000000, 0x00000000f1800000, 0x0000000100000000)
  eden space 189952K, 100% used [0x00000000e0000000,0x00000000eb980000,0x00000000eb980000)
  from space 40960K, 3% used [0x00000000eb980000,0x00000000ebad5028,0x00000000ee180000)
  to   space 41984K, 0% used [0x00000000ee180000,0x00000000ee180000,0x00000000f0a80000)
 ParOldGen       total 127488K, used 100838K [0x00000000a0000000, 0x00000000a7c80000, 0x00000000e0000000)
  object space 127488K, 79% used [0x00000000a0000000,0x00000000a6279a08,0x00000000a7c80000)
 Metaspace       used 93537K, capacity 97864K, committed 98048K, reserved 1134592K
  class space    used 11987K, capacity 12934K, committed 13056K, reserved 1048576K
Event: 953.744 GC heap after
Heap after GC invocations=33 (full 3):
 PSYoungGen      total 231936K, used 3035K [0x00000000e0000000, 0x00000000f1800000, 0x0000000100000000)
  eden space 189952K, 0% used [0x00000000e0000000,0x00000000e0000000,0x00000000eb980000)
  from space 41984K, 7% used [0x00000000ee180000,0x00000000ee476dd0,0x00000000f0a80000)
  to   space 40960K, 0% used [0x00000000eb980000,0x00000000eb980000,0x00000000ee180000)
 ParOldGen       total 127488K, used 101638K [0x00000000a0000000, 0x00000000a7c80000, 0x00000000e0000000)
  object space 127488K, 79% used [0x00000000a0000000,0x00000000a6341a08,0x00000000a7c80000)
 Metaspace       used 93537K, capacity 97864K, committed 98048K, reserved 1134592K
  class space    used 11987K, capacity 12934K, committed 13056K, reserved 1048576K
}
Event: 954.609 GC heap before
{Heap before GC invocations=34 (full 3):
 PSYoungGen      total 231936K, used 192987K [0x00000000e0000000, 0x00000000f1800000, 0x0000000100000000)
  eden space 189952K, 100% used [0x00000000e0000000,0x00000000eb980000,0x00000000eb980000)
  from space 41984K, 7% used [0x00000000ee180000,0x00000000ee476dd0,0x00000000f0a80000)
  to   space 40960K, 0% used [0x00000000eb980000,0x00000000eb980000,0x00000000ee180000)
 ParOldGen       total 127488K, used 101638K [0x00000000a0000000, 0x00000000a7c80000, 0x00000000e0000000)
  object space 127488K, 79% used [0x00000000a0000000,0x00000000a6341a08,0x00000000a7c80000)
 Metaspace       used 93644K, capacity 98068K, committed 98304K, reserved 1134592K
  class space    used 11987K, capacity 12934K, committed 13056K, reserved 1048576K
Event: 954.649 GC heap after
Heap after GC invocations=34 (full 3):
 PSYoungGen      total 230912K, used 2336K [0x00000000e0000000, 0x00000000f1800000, 0x0000000100000000)
  eden space 189952K, 0% used [0x00000000e0000000,0x00000000e0000000,0x00000000eb980000)
  from space 40960K, 5% used [0x00000000eb980000,0x00000000ebbc8000,0x00000000ee180000)
  to   space 41984K, 0% used [0x00000000ee180000,0x00000000ee180000,0x00000000f0a80000)
 ParOldGen       total 127488K, used 103902K [0x00000000a0000000, 0x00000000a7c80000, 0x00000000e0000000)
  object space 127488K, 81% used [0x00000000a0000000,0x00000000a6577a28,0x00000000a7c80000)
 Metaspace       used 93644K, capacity 98068K, committed 98304K, reserved 1134592K
  class space    used 11987K, capacity 12934K, committed 13056K, reserved 1048576K
}
Event: 955.596 GC heap before
{Heap before GC invocations=35 (full 3):
 PSYoungGen      total 230912K, used 192288K [0x00000000e0000000, 0x00000000f1800000, 0x0000000100000000)
  eden space 189952K, 100% used [0x00000000e0000000,0x00000000eb980000,0x00000000eb980000)
  from space 40960K, 5% used [0x00000000eb980000,0x00000000ebbc8000,0x00000000ee180000)
  to   space 41984K, 0% used [0x00000000ee180000,0x00000000ee180000,0x00000000f0a80000)
 ParOldGen       total 127488K, used 103902K [0x00000000a0000000, 0x00000000a7c80000, 0x00000000e0000000)
  object space 127488K, 81% used [0x00000000a0000000,0x00000000a6577a28,0x00000000a7c80000)
 Metaspace       used 93707K, capacity 98080K, committed 98304K, reserved 1134592K
  class space    used 11989K, capacity 12938K, committed 13056K, reserved 1048576K
Event: 955.607 GC heap after
Heap after GC invocations=35 (full 3):
 PSYoungGen      total 231936K, used 1792K [0x00000000e0000000, 0x00000000f1800000, 0x0000000100000000)
  eden space 189952K, 0% used [0x00000000e0000000,0x00000000e0000000,0x00000000eb980000)
  from space 41984K, 4% used [0x00000000ee180000,0x00000000ee340000,0x00000000f0a80000)
  to   space 40960K, 0% used [0x00000000eb980000,0x00000000eb980000,0x00000000ee180000)
 ParOldGen       total 127488K, used 105843K [0x00000000a0000000, 0x00000000a7c80000, 0x00000000e0000000)
  object space 127488K, 83% used [0x00000000a0000000,0x00000000a675cd00,0x00000000a7c80000)
 Metaspace       used 93707K, capacity 98080K, committed 98304K, reserved 1134592K
  class space    used 11989K, capacity 12938K, committed 13056K, reserved 1048576K
}
Event: 956.778 GC heap before
{Heap before GC invocations=36 (full 3):
 PSYoungGen      total 231936K, used 191744K [0x00000000e0000000, 0x00000000f1800000, 0x0000000100000000)
  eden space 189952K, 100% used [0x00000000e0000000,0x00000000eb980000,0x00000000eb980000)
  from space 41984K, 4% used [0x00000000ee180000,0x00000000ee340000,0x00000000f0a80000)
  to   space 40960K, 0% used [0x00000000eb980000,0x00000000eb980000,0x00000000ee180000)
 ParOldGen       total 127488K, used 105843K [0x00000000a0000000, 0x00000000a7c80000, 0x00000000e0000000)
  object space 127488K, 83% used [0x00000000a0000000,0x00000000a675cd00,0x00000000a7c80000)
 Metaspace       used 93806K, capacity 98222K, committed 98560K, reserved 1134592K
  class space    used 11992K, capacity 12939K, committed 13056K, reserved 1048576K
Event: 956.787 GC heap after
Heap after GC invocations=36 (full 3):
 PSYoungGen      total 230912K, used 3050K [0x00000000e0000000, 0x00000000f1800000, 0x0000000100000000)
  eden space 189952K, 0% used [0x00000000e0000000,0x00000000e0000000,0x00000000eb980000)
  from space 40960K, 7% used [0x00000000eb980000,0x00000000ebc7ab30,0x00000000ee180000)
  to   space 41984K, 0% used [0x00000000ee180000,0x00000000ee180000,0x00000000f0a80000)
 ParOldGen       total 127488K, used 106987K [0x00000000a0000000, 0x00000000a7c80000, 0x00000000e0000000)
  object space 127488K, 83% used [0x00000000a0000000,0x00000000a687ad00,0x00000000a7c80000)
 Metaspace       used 93806K, capacity 98222K, committed 98560K, reserved 1134592K
  class space    used 11992K, capacity 12939K, committed 13056K, reserved 1048576K
}
Event: 957.749 GC heap before
{Heap before GC invocations=37 (full 3):
 PSYoungGen      total 230912K, used 193002K [0x00000000e0000000, 0x00000000f1800000, 0x0000000100000000)
  eden space 189952K, 100% used [0x00000000e0000000,0x00000000eb980000,0x00000000eb980000)
  from space 40960K, 7% used [0x00000000eb980000,0x00000000ebc7ab30,0x00000000ee180000)
  to   space 41984K, 0% used [0x00000000ee180000,0x00000000ee180000,0x00000000f0a80000)
 ParOldGen       total 127488K, used 106987K [0x00000000a0000000, 0x00000000a7c80000, 0x00000000e0000000)
  object space 127488K, 83% used [0x00000000a0000000,0x00000000a687ad00,0x00000000a7c80000)
 Metaspace       used 93896K, capacity 98294K, committed 98560K, reserved 1134592K
  class space    used 11993K, capacity 12939K, committed 13056K, reserved 1048576K
Event: 957.763 GC heap after
Heap after GC invocations=37 (full 3):
 PSYoungGen      total 231936K, used 3918K [0x00000000e0000000, 0x00000000f1800000, 0x0000000100000000)
  eden space 189952K, 0% used [0x00000000e0000000,0x00000000e0000000,0x00000000eb980000)
  from space 41984K, 9% used [0x00000000ee180000,0x00000000ee553820,0x00000000f0a80000)
  to   space 40960K, 0% used [0x00000000eb980000,0x00000000eb980000,0x00000000ee180000)
 ParOldGen       total 127488K, used 109038K [0x00000000a0000000, 0x00000000a7c80000, 0x00000000e0000000)
  object space 127488K, 85% used [0x00000000a0000000,0x00000000a6a7b9a8,0x00000000a7c80000)
 Metaspace       used 93896K, capacity 98294K, committed 98560K, reserved 1134592K
  class space    used 11993K, capacity 12939K, committed 13056K, reserved 1048576K
}

